Determining if the CL_VERSION_2_0 exist failed with the following output:
Change Dir: /home/armadillo2/catkin_ws/src/armadillo2/libfreenect2/build/CMakeFiles/CMakeTmp

Run Build Command:"/usr/bin/make" "cmTC_a182f/fast"
/usr/bin/make -f CMakeFiles/cmTC_a182f.dir/build.make CMakeFiles/cmTC_a182f.dir/build
make[1]: Entering directory '/home/armadillo2/catkin_ws/src/armadillo2/libfreenect2/build/CMakeFiles/CMakeTmp'
Building C object CMakeFiles/cmTC_a182f.dir/CheckSymbolExists.c.o
/usr/bin/cc   -I/usr/local/cuda-9.0/include   -o CMakeFiles/cmTC_a182f.dir/CheckSymbolExists.c.o   -c /home/armadillo2/catkin_ws/src/armadillo2/libfreenect2/build/CMakeFiles/CMakeTmp/CheckSymbolExists.c
/home/armadillo2/catkin_ws/src/armadillo2/libfreenect2/build/CMakeFiles/CMakeTmp/CheckSymbolExists.c: In function ‘main’:
/home/armadillo2/catkin_ws/src/armadillo2/libfreenect2/build/CMakeFiles/CMakeTmp/CheckSymbolExists.c:8:19: error: ‘CL_VERSION_2_0’ undeclared (first use in this function)
   return ((int*)(&CL_VERSION_2_0))[argc];
                   ^
/home/armadillo2/catkin_ws/src/armadillo2/libfreenect2/build/CMakeFiles/CMakeTmp/CheckSymbolExists.c:8:19: note: each undeclared identifier is reported only once for each function it appears in
CMakeFiles/cmTC_a182f.dir/build.make:65: recipe for target 'CMakeFiles/cmTC_a182f.dir/CheckSymbolExists.c.o' failed
make[1]: *** [CMakeFiles/cmTC_a182f.dir/CheckSymbolExists.c.o] Error 1
make[1]: Leaving directory '/home/armadillo2/catkin_ws/src/armadillo2/libfreenect2/build/CMakeFiles/CMakeTmp'
Makefile:126: recipe for target 'cmTC_a182f/fast' failed
make: *** [cmTC_a182f/fast] Error 2

File /home/armadillo2/catkin_ws/src/armadillo2/libfreenect2/build/CMakeFiles/CMakeTmp/CheckSymbolExists.c:
/* */
#include </usr/local/cuda-9.0/include/CL/cl.h>

int main(int argc, char** argv)
{
  (void)argv;
#ifndef CL_VERSION_2_0
  return ((int*)(&CL_VERSION_2_0))[argc];
#else
  (void)argc;
  return 0;
#endif
}

Determining if the pthread_create exist failed with the following output:
Change Dir: /home/armadillo2/catkin_ws/src/armadillo2/libfreenect2/build/CMakeFiles/CMakeTmp

Run Build Command:"/usr/bin/make" "cmTC_7ba83/fast"
/usr/bin/make -f CMakeFiles/cmTC_7ba83.dir/build.make CMakeFiles/cmTC_7ba83.dir/build
make[1]: Entering directory '/home/armadillo2/catkin_ws/src/armadillo2/libfreenect2/build/CMakeFiles/CMakeTmp'
Building C object CMakeFiles/cmTC_7ba83.dir/CheckSymbolExists.c.o
/usr/bin/cc    -fPIC    -o CMakeFiles/cmTC_7ba83.dir/CheckSymbolExists.c.o   -c /home/armadillo2/catkin_ws/src/armadillo2/libfreenect2/build/CMakeFiles/CMakeTmp/CheckSymbolExists.c
Linking C executable cmTC_7ba83
/usr/bin/cmake -E cmake_link_script CMakeFiles/cmTC_7ba83.dir/link.txt --verbose=1
/usr/bin/cc  -fPIC     CMakeFiles/cmTC_7ba83.dir/CheckSymbolExists.c.o  -o cmTC_7ba83 -rdynamic 
CMakeFiles/cmTC_7ba83.dir/CheckSymbolExists.c.o: In function `main':
CheckSymbolExists.c:(.text+0x1b): undefined reference to `pthread_create'
collect2: error: ld returned 1 exit status
CMakeFiles/cmTC_7ba83.dir/build.make:97: recipe for target 'cmTC_7ba83' failed
make[1]: *** [cmTC_7ba83] Error 1
make[1]: Leaving directory '/home/armadillo2/catkin_ws/src/armadillo2/libfreenect2/build/CMakeFiles/CMakeTmp'
Makefile:126: recipe for target 'cmTC_7ba83/fast' failed
make: *** [cmTC_7ba83/fast] Error 2

File /home/armadillo2/catkin_ws/src/armadillo2/libfreenect2/build/CMakeFiles/CMakeTmp/CheckSymbolExists.c:
/* */
#include <pthread.h>

int main(int argc, char** argv)
{
  (void)argv;
#ifndef pthread_create
  return ((int*)(&pthread_create))[argc];
#else
  (void)argc;
  return 0;
#endif
}

Determining if the function pthread_create exists in the pthreads failed with the following output:
Change Dir: /home/armadillo2/catkin_ws/src/armadillo2/libfreenect2/build/CMakeFiles/CMakeTmp

Run Build Command:"/usr/bin/make" "cmTC_8e93e/fast"
/usr/bin/make -f CMakeFiles/cmTC_8e93e.dir/build.make CMakeFiles/cmTC_8e93e.dir/build
make[1]: Entering directory '/home/armadillo2/catkin_ws/src/armadillo2/libfreenect2/build/CMakeFiles/CMakeTmp'
Building C object CMakeFiles/cmTC_8e93e.dir/CheckFunctionExists.c.o
/usr/bin/cc    -fPIC -DCHECK_FUNCTION_EXISTS=pthread_create   -o CMakeFiles/cmTC_8e93e.dir/CheckFunctionExists.c.o   -c /usr/share/cmake-3.5/Modules/CheckFunctionExists.c
Linking C executable cmTC_8e93e
/usr/bin/cmake -E cmake_link_script CMakeFiles/cmTC_8e93e.dir/link.txt --verbose=1
/usr/bin/cc  -fPIC -DCHECK_FUNCTION_EXISTS=pthread_create    CMakeFiles/cmTC_8e93e.dir/CheckFunctionExists.c.o  -o cmTC_8e93e -rdynamic -lpthreads 
/usr/bin/ld: cannot find -lpthreads
collect2: error: ld returned 1 exit status
CMakeFiles/cmTC_8e93e.dir/build.make:97: recipe for target 'cmTC_8e93e' failed
make[1]: *** [cmTC_8e93e] Error 1
make[1]: Leaving directory '/home/armadillo2/catkin_ws/src/armadillo2/libfreenect2/build/CMakeFiles/CMakeTmp'
Makefile:126: recipe for target 'cmTC_8e93e/fast' failed
make: *** [cmTC_8e93e/fast] Error 2


